<?xml version="1.0" encoding="UTF-8"?><testsuite errors="0" failures="1" name="SerenityInitialTests" skipped="0" tests="2" time="6.86" timestamp="2020-04-19 08:03:36"><testcase classname="SerenityInitialTests" name="Get users fail"><failure message="expected:&lt;[4]00&gt; but was:&lt;[2]00&gt;" type="org.junit.ComparisonFailure">expected:&lt;[4]00&gt; but was:&lt;[2]00&gt;</failure><system-err>expected:&lt;[4]00&gt; but was:&lt;[2]00&gt;&#13;
SerenityInitialTests.getUsersFail(SerenityInitialTests.java:33)&#13;
</system-err></testcase><testcase classname="SerenityInitialTests" name="Get users"/></testsuite>